<?xml version="1.0" encoding="UTF-8"?>
<!-- Generated by org.testng.reporters.JUnitReportReporter -->
<testsuite hostname="GEMGN-220367" failures="0" tests="1" name="api.utilites.Outh2TokenGenerator" time="2.440" errors="0" timestamp="2025-01-27T15:21:47 IST" skipped="0">
  <testcase classname="api.utilites.Outh2TokenGenerator" name="tokenGenerator" time="2.440"/>
  <system-out/>
</testsuite> <!-- api.utilites.Outh2TokenGenerator -->
