<?xml version="1.0" encoding="UTF-8"?>
<!-- Generated by org.testng.reporters.JUnitReportReporter -->
<testsuite hostname="GEMGN-220367" failures="0" tests="6" name="api.testcases.UserDataProviderTestcases" time="8.149" errors="0" timestamp="2025-01-27T15:17:04 IST" skipped="0">
  <testcase classname="api.testcases.UserDataProviderTestcases" name="testpostUser" time="2.087"/>
  <system-out/>
  <testcase classname="api.testcases.UserDataProviderTestcases" name="testpostUser" time="1.169"/>
  <system-out/>
  <testcase classname="api.testcases.UserDataProviderTestcases" name="testpostUser" time="1.228"/>
  <system-out/>
  <testcase classname="api.testcases.UserDataProviderTestcases" name="deleteUsername" time="1.267"/>
  <system-out/>
  <testcase classname="api.testcases.UserDataProviderTestcases" name="deleteUsername" time="1.172"/>
  <system-out/>
  <testcase classname="api.testcases.UserDataProviderTestcases" name="deleteUsername" time="1.226"/>
  <system-out/>
</testsuite> <!-- api.testcases.UserDataProviderTestcases -->
