<?xml version="1.0" encoding="UTF-8"?>
<!-- Generated by org.testng.reporters.JUnitReportReporter -->
<testsuite hostname="GEMGN-220367" failures="0" tests="1" name="api.payload.tata.proposalCompose.ProposalPayloadView" time="5.214" errors="0" timestamp="2025-02-06T16:05:36 IST" skipped="0">
  <testcase classname="api.payload.tata.proposalCompose.ProposalPayloadView" name="proposalCompose" time="5.214"/>
  <system-out/>
</testsuite> <!-- api.payload.tata.proposalCompose.ProposalPayloadView -->
