<?xml version="1.0" encoding="UTF-8"?>
<!-- Generated by org.testng.reporters.JUnitReportReporter -->
<testsuite hostname="GEMGN-220367" failures="0" tests="4" name="api.testcases.UserTestcase" time="6.022" errors="0" timestamp="2025-01-09T14:30:42 IST" skipped="0">
  <testcase classname="api.testcases.UserTestcase" name="show" time="0.004"/>
  <system-out/>
  <testcase classname="api.testcases.UserTestcase" name="testpostUser" time="2.619"/>
  <system-out/>
  <testcase classname="api.testcases.UserTestcase" name="testgetUser" time="1.150"/>
  <system-out/>
  <testcase classname="api.testcases.UserTestcase" name="testputUser" time="2.249"/>
  <system-out/>
</testsuite> <!-- api.testcases.UserTestcase -->
